The system is: Darwin - 15.0.0 - x86_64
Compiling the C compiler identification source file "CMakeCCompilerId.c" succeeded.
Compiler:  
Build flags: 
Id flags: 

The output was:
0
=== BUILD TARGET CompilerIdC OF PROJECT CompilerIdC WITH THE DEFAULT CONFIGURATION (Debug) ===

Check dependencies

Write auxiliary files
write-file /Users/lukedavitt/animations/opengl/glfw/build/CMakeFiles/3.4.0-rc1/CompilerIdC/CompilerIdC.build/Debug/CompilerIdC.build/Script-2C8FEB8E15DC1A1A00E56A5D.sh
chmod 0755 /Users/lukedavitt/animations/opengl/glfw/build/CMakeFiles/3.4.0-rc1/CompilerIdC/CompilerIdC.build/Debug/CompilerIdC.build/Script-2C8FEB8E15DC1A1A00E56A5D.sh
write-file /Users/lukedavitt/animations/opengl/glfw/build/CMakeFiles/3.4.0-rc1/CompilerIdC/CompilerIdC.build/Debug/CompilerIdC.build/CompilerIdC.hmap
/bin/mkdir -p /Users/lukedavitt/animations/opengl/glfw/build/CMakeFiles/3.4.0-rc1/CompilerIdC/CompilerIdC.build/Debug/CompilerIdC.build/Objects-normal/x86_64
write-file /Users/lukedavitt/animations/opengl/glfw/build/CMakeFiles/3.4.0-rc1/CompilerIdC/CompilerIdC.build/Debug/CompilerIdC.build/Objects-normal/x86_64/CompilerIdC.LinkFileList

CompileC CompilerIdC.build/Debug/CompilerIdC.build/Objects-normal/x86_64/CMakeCCompilerId.o CMakeCCompilerId.c normal x86_64 c com.apple.compilers.llvm.clang.1_0.compiler
    cd /Users/lukedavitt/animations/opengl/glfw/build/CMakeFiles/3.4.0-rc1/CompilerIdC
    export LANG=en_US.US-ASCII
    /Applications/Xcode.app/Contents/Developer/Toolchains/XcodeDefault.xctoolchain/usr/bin/clang -x c -arch x86_64 -fmessage-length=0 -fdiagnostics-show-note-include-stack -fmacro-backtrace-limit=0 -Wno-trigraphs -fpascal-strings -Os -Wno-missing-field-initializers -Wno-missing-prototypes -Wno-return-type -Wno-missing-braces -Wparentheses -Wswitch -Wno-unused-function -Wno-unused-label -Wno-unused-parameter -Wno-unused-variable -Wunused-value -Wno-empty-body -Wno-uninitialized -Wno-unknown-pragmas -Wno-shadow -Wno-four-char-constants -Wno-conversion -Wno-constant-conversion -Wno-int-conversion -Wno-bool-conversion -Wno-enum-conversion -Wno-shorten-64-to-32 -Wpointer-sign -Wno-newline-eof -isysroot /Applications/Xcode.app/Contents/Developer/Platforms/MacOSX.platform/Developer/SDKs/MacOSX10.11.sdk -fasm-blocks -fstrict-aliasing -Wdeprecated-declarations -mmacosx-version-min=10.11 -g -fvisibility=hidden -Wno-sign-conversion -I/Users/lukedavitt/animations/opengl/glfw/build/CMakeFiles/3.4.0-rc1/CompilerIdC/CompilerIdC.build/Debug/CompilerIdC.build/CompilerIdC.hmap -I/Users/lukedavitt/animations/opengl/glfw/build/CMakeFiles/3.4.0-rc1/CompilerIdC/include -I/Users/lukedavitt/animations/opengl/glfw/build/CMakeFiles/3.4.0-rc1/CompilerIdC/CompilerIdC.build/Debug/CompilerIdC.build/DerivedSources/x86_64 -I/Users/lukedavitt/animations/opengl/glfw/build/CMakeFiles/3.4.0-rc1/CompilerIdC/CompilerIdC.build/Debug/CompilerIdC.build/DerivedSources -F/Users/lukedavitt/animations/opengl/glfw/build/CMakeFiles/3.4.0-rc1/CompilerIdC -MMD -MT dependencies -MF /Users/lukedavitt/animations/opengl/glfw/build/CMakeFiles/3.4.0-rc1/CompilerIdC/CompilerIdC.build/Debug/CompilerIdC.build/Objects-normal/x86_64/CMakeCCompilerId.d --serialize-diagnostics /Users/lukedavitt/animations/opengl/glfw/build/CMakeFiles/3.4.0-rc1/CompilerIdC/CompilerIdC.build/Debug/CompilerIdC.build/Objects-normal/x86_64/CMakeCCompilerId.dia -c /Users/lukedavitt/animations/opengl/glfw/build/CMakeFiles/3.4.0-rc1/CompilerIdC/CMakeCCompilerId.c -o /Users/lukedavitt/animations/opengl/glfw/build/CMakeFiles/3.4.0-rc1/CompilerIdC/CompilerIdC.build/Debug/CompilerIdC.build/Objects-normal/x86_64/CMakeCCompilerId.o

Ld CompilerIdC normal x86_64
    cd /Users/lukedavitt/animations/opengl/glfw/build/CMakeFiles/3.4.0-rc1/CompilerIdC
    export MACOSX_DEPLOYMENT_TARGET=10.11
    /Applications/Xcode.app/Contents/Developer/Toolchains/XcodeDefault.xctoolchain/usr/bin/clang -arch x86_64 -isysroot /Applications/Xcode.app/Contents/Developer/Platforms/MacOSX.platform/Developer/SDKs/MacOSX10.11.sdk -L/Users/lukedavitt/animations/opengl/glfw/build/CMakeFiles/3.4.0-rc1/CompilerIdC -F/Users/lukedavitt/animations/opengl/glfw/build/CMakeFiles/3.4.0-rc1/CompilerIdC -filelist /Users/lukedavitt/animations/opengl/glfw/build/CMakeFiles/3.4.0-rc1/CompilerIdC/CompilerIdC.build/Debug/CompilerIdC.build/Objects-normal/x86_64/CompilerIdC.LinkFileList -mmacosx-version-min=10.11 -Xlinker -dependency_info -Xlinker /Users/lukedavitt/animations/opengl/glfw/build/CMakeFiles/3.4.0-rc1/CompilerIdC/CompilerIdC.build/Debug/CompilerIdC.build/Objects-normal/x86_64/CompilerIdC_dependency_info.dat -o /Users/lukedavitt/animations/opengl/glfw/build/CMakeFiles/3.4.0-rc1/CompilerIdC/CompilerIdC

PhaseScriptExecution Run\ Script CompilerIdC.build/Debug/CompilerIdC.build/Script-2C8FEB8E15DC1A1A00E56A5D.sh
    cd /Users/lukedavitt/animations/opengl/glfw/build/CMakeFiles/3.4.0-rc1/CompilerIdC
    /bin/sh -c /Users/lukedavitt/animations/opengl/glfw/build/CMakeFiles/3.4.0-rc1/CompilerIdC/CompilerIdC.build/Debug/CompilerIdC.build/Script-2C8FEB8E15DC1A1A00E56A5D.sh
GCC_VERSION=com.apple.compilers.llvm.clang.1_0

** BUILD SUCCEEDED **



Compilation of the C compiler identification source "CMakeCCompilerId.c" produced "CompilerIdC"

The C compiler identification is AppleClang, found in "/Users/lukedavitt/animations/opengl/glfw/build/CMakeFiles/3.4.0-rc1/CompilerIdC/CompilerIdC"

Determining if the C compiler works passed with the following output:
Change Dir: /Users/lukedavitt/animations/opengl/glfw/build/CMakeFiles/CMakeTmp

Run Build Command:"/usr/bin/xcodebuild" "-project" "CMAKE_TRY_COMPILE.xcodeproj" "build" "-target" "cmTC_520ba" "-configuration" "Debug"
=== BUILD TARGET cmTC_520ba OF PROJECT CMAKE_TRY_COMPILE WITH CONFIGURATION Debug ===

Check dependencies

Write auxiliary files
/bin/mkdir -p /Users/lukedavitt/animations/opengl/glfw/build/CMakeFiles/CMakeTmp/CMAKE_TRY_COMPILE.build/Debug/cmTC_520ba.build/Objects-normal/x86_64
write-file /Users/lukedavitt/animations/opengl/glfw/build/CMakeFiles/CMakeTmp/CMAKE_TRY_COMPILE.build/Debug/cmTC_520ba.build/Objects-normal/x86_64/cmTC_520ba.LinkFileList

CompileC CMAKE_TRY_COMPILE.build/Debug/cmTC_520ba.build/Objects-normal/x86_64/testCCompiler.o testCCompiler.c normal x86_64 c com.apple.compilers.llvm.clang.1_0.compiler
    cd /Users/lukedavitt/animations/opengl/glfw/build/CMakeFiles/CMakeTmp
    export LANG=en_US.US-ASCII
    /Applications/Xcode.app/Contents/Developer/Toolchains/XcodeDefault.xctoolchain/usr/bin/clang -x c -arch x86_64 -fmessage-length=0 -fdiagnostics-show-note-include-stack -fmacro-backtrace-limit=0 -Wno-trigraphs -fpascal-strings -O0 -Wno-missing-field-initializers -Wno-missing-prototypes -Wno-return-type -Wno-missing-braces -Wparentheses -Wswitch -Wno-unused-function -Wno-unused-label -Wno-unused-parameter -Wno-unused-variable -Wunused-value -Wno-empty-body -Wno-uninitialized -Wno-unknown-pragmas -Wno-shadow -Wno-four-char-constants -Wno-conversion -Wno-constant-conversion -Wno-int-conversion -Wno-bool-conversion -Wno-enum-conversion -Wno-shorten-64-to-32 -Wpointer-sign -Wno-newline-eof -DCMAKE_INTDIR=\"Debug\" -isysroot /Applications/Xcode.app/Contents/Developer/Platforms/MacOSX.platform/Developer/SDKs/MacOSX10.11.sdk -fasm-blocks -fstrict-aliasing -Wdeprecated-declarations -mmacosx-version-min=10.11 -g -Wno-sign-conversion -I/Users/lukedavitt/animations/opengl/glfw/build/CMakeFiles/CMakeTmp/Debug/include -I/Users/lukedavitt/animations/opengl/glfw/build/CMakeFiles/CMakeTmp/CMAKE_TRY_COMPILE.build/Debug/cmTC_520ba.build/DerivedSources/x86_64 -I/Users/lukedavitt/animations/opengl/glfw/build/CMakeFiles/CMakeTmp/CMAKE_TRY_COMPILE.build/Debug/cmTC_520ba.build/DerivedSources -Wmost -Wno-four-char-constants -Wno-unknown-pragmas -F/Users/lukedavitt/animations/opengl/glfw/build/CMakeFiles/CMakeTmp/Debug -MMD -MT dependencies -MF /Users/lukedavitt/animations/opengl/glfw/build/CMakeFiles/CMakeTmp/CMAKE_TRY_COMPILE.build/Debug/cmTC_520ba.build/Objects-normal/x86_64/testCCompiler.d --serialize-diagnostics /Users/lukedavitt/animations/opengl/glfw/build/CMakeFiles/CMakeTmp/CMAKE_TRY_COMPILE.build/Debug/cmTC_520ba.build/Objects-normal/x86_64/testCCompiler.dia -c /Users/lukedavitt/animations/opengl/glfw/build/CMakeFiles/CMakeTmp/testCCompiler.c -o /Users/lukedavitt/animations/opengl/glfw/build/CMakeFiles/CMakeTmp/CMAKE_TRY_COMPILE.build/Debug/cmTC_520ba.build/Objects-normal/x86_64/testCCompiler.o

Ld Debug/cmTC_520ba normal x86_64
    cd /Users/lukedavitt/animations/opengl/glfw/build/CMakeFiles/CMakeTmp
    export MACOSX_DEPLOYMENT_TARGET=10.11
    /Applications/Xcode.app/Contents/Developer/Toolchains/XcodeDefault.xctoolchain/usr/bin/clang -arch x86_64 -isysroot /Applications/Xcode.app/Contents/Developer/Platforms/MacOSX.platform/Developer/SDKs/MacOSX10.11.sdk -L/Users/lukedavitt/animations/opengl/glfw/build/CMakeFiles/CMakeTmp/Debug -F/Users/lukedavitt/animations/opengl/glfw/build/CMakeFiles/CMakeTmp/Debug -filelist /Users/lukedavitt/animations/opengl/glfw/build/CMakeFiles/CMakeTmp/CMAKE_TRY_COMPILE.build/Debug/cmTC_520ba.build/Objects-normal/x86_64/cmTC_520ba.LinkFileList -mmacosx-version-min=10.11 -Wl,-search_paths_first -Wl,-headerpad_max_install_names -Xlinker -dependency_info -Xlinker /Users/lukedavitt/animations/opengl/glfw/build/CMakeFiles/CMakeTmp/CMAKE_TRY_COMPILE.build/Debug/cmTC_520ba.build/Objects-normal/x86_64/cmTC_520ba_dependency_info.dat -o /Users/lukedavitt/animations/opengl/glfw/build/CMakeFiles/CMakeTmp/Debug/cmTC_520ba

** BUILD SUCCEEDED **



Detecting C compiler ABI info compiled with the following output:
Change Dir: /Users/lukedavitt/animations/opengl/glfw/build/CMakeFiles/CMakeTmp

Run Build Command:"/usr/bin/xcodebuild" "-project" "CMAKE_TRY_COMPILE.xcodeproj" "build" "-target" "cmTC_e6990" "-configuration" "Debug"
=== BUILD TARGET cmTC_e6990 OF PROJECT CMAKE_TRY_COMPILE WITH CONFIGURATION Debug ===

Check dependencies

Write auxiliary files
/bin/mkdir -p /Users/lukedavitt/animations/opengl/glfw/build/CMakeFiles/CMakeTmp/CMAKE_TRY_COMPILE.build/Debug/cmTC_e6990.build/Objects-normal/x86_64
write-file /Users/lukedavitt/animations/opengl/glfw/build/CMakeFiles/CMakeTmp/CMAKE_TRY_COMPILE.build/Debug/cmTC_e6990.build/Objects-normal/x86_64/cmTC_e6990.LinkFileList

CompileC CMAKE_TRY_COMPILE.build/Debug/cmTC_e6990.build/Objects-normal/x86_64/CMakeCCompilerABI.o /Applications/CMake.app/Contents/share/cmake-3.4/Modules/CMakeCCompilerABI.c normal x86_64 c com.apple.compilers.llvm.clang.1_0.compiler
    cd /Users/lukedavitt/animations/opengl/glfw/build/CMakeFiles/CMakeTmp
    export LANG=en_US.US-ASCII
    /Applications/Xcode.app/Contents/Developer/Toolchains/XcodeDefault.xctoolchain/usr/bin/clang -x c -arch x86_64 -fmessage-length=0 -fdiagnostics-show-note-include-stack -fmacro-backtrace-limit=0 -Wno-trigraphs -fpascal-strings -O0 -Wno-missing-field-initializers -Wno-missing-prototypes -Wno-return-type -Wno-missing-braces -Wparentheses -Wswitch -Wno-unused-function -Wno-unused-label -Wno-unused-parameter -Wno-unused-variable -Wunused-value -Wno-empty-body -Wno-uninitialized -Wno-unknown-pragmas -Wno-shadow -Wno-four-char-constants -Wno-conversion -Wno-constant-conversion -Wno-int-conversion -Wno-bool-conversion -Wno-enum-conversion -Wno-shorten-64-to-32 -Wpointer-sign -Wno-newline-eof -DCMAKE_INTDIR=\"Debug\" -isysroot /Applications/Xcode.app/Contents/Developer/Platforms/MacOSX.platform/Developer/SDKs/MacOSX10.11.sdk -fasm-blocks -fstrict-aliasing -Wdeprecated-declarations -mmacosx-version-min=10.11 -g -Wno-sign-conversion -I/Users/lukedavitt/animations/opengl/glfw/build/CMakeFiles/CMakeTmp/Debug/include -I/Users/lukedavitt/animations/opengl/glfw/build/CMakeFiles/CMakeTmp/CMAKE_TRY_COMPILE.build/Debug/cmTC_e6990.build/DerivedSources/x86_64 -I/Users/lukedavitt/animations/opengl/glfw/build/CMakeFiles/CMakeTmp/CMAKE_TRY_COMPILE.build/Debug/cmTC_e6990.build/DerivedSources -Wmost -Wno-four-char-constants -Wno-unknown-pragmas -F/Users/lukedavitt/animations/opengl/glfw/build/CMakeFiles/CMakeTmp/Debug -MMD -MT dependencies -MF /Users/lukedavitt/animations/opengl/glfw/build/CMakeFiles/CMakeTmp/CMAKE_TRY_COMPILE.build/Debug/cmTC_e6990.build/Objects-normal/x86_64/CMakeCCompilerABI.d --serialize-diagnostics /Users/lukedavitt/animations/opengl/glfw/build/CMakeFiles/CMakeTmp/CMAKE_TRY_COMPILE.build/Debug/cmTC_e6990.build/Objects-normal/x86_64/CMakeCCompilerABI.dia -c /Applications/CMake.app/Contents/share/cmake-3.4/Modules/CMakeCCompilerABI.c -o /Users/lukedavitt/animations/opengl/glfw/build/CMakeFiles/CMakeTmp/CMAKE_TRY_COMPILE.build/Debug/cmTC_e6990.build/Objects-normal/x86_64/CMakeCCompilerABI.o

Ld Debug/cmTC_e6990 normal x86_64
    cd /Users/lukedavitt/animations/opengl/glfw/build/CMakeFiles/CMakeTmp
    export MACOSX_DEPLOYMENT_TARGET=10.11
    /Applications/Xcode.app/Contents/Developer/Toolchains/XcodeDefault.xctoolchain/usr/bin/clang -arch x86_64 -isysroot /Applications/Xcode.app/Contents/Developer/Platforms/MacOSX.platform/Developer/SDKs/MacOSX10.11.sdk -L/Users/lukedavitt/animations/opengl/glfw/build/CMakeFiles/CMakeTmp/Debug -F/Users/lukedavitt/animations/opengl/glfw/build/CMakeFiles/CMakeTmp/Debug -filelist /Users/lukedavitt/animations/opengl/glfw/build/CMakeFiles/CMakeTmp/CMAKE_TRY_COMPILE.build/Debug/cmTC_e6990.build/Objects-normal/x86_64/cmTC_e6990.LinkFileList -mmacosx-version-min=10.11 -v -Wl,-v -Wl,-search_paths_first -Wl,-headerpad_max_install_names -Xlinker -dependency_info -Xlinker /Users/lukedavitt/animations/opengl/glfw/build/CMakeFiles/CMakeTmp/CMAKE_TRY_COMPILE.build/Debug/cmTC_e6990.build/Objects-normal/x86_64/cmTC_e6990_dependency_info.dat -o /Users/lukedavitt/animations/opengl/glfw/build/CMakeFiles/CMakeTmp/Debug/cmTC_e6990
Apple LLVM version 7.0.0 (clang-700.0.72)
Target: x86_64-apple-darwin15.0.0
Thread model: posix
 "/Applications/Xcode.app/Contents/Developer/Toolchains/XcodeDefault.xctoolchain/usr/bin/ld" -demangle -dynamic -arch x86_64 -macosx_version_min 10.11.0 -syslibroot /Applications/Xcode.app/Contents/Developer/Platforms/MacOSX.platform/Developer/SDKs/MacOSX10.11.sdk -o /Users/lukedavitt/animations/opengl/glfw/build/CMakeFiles/CMakeTmp/Debug/cmTC_e6990 -L/Users/lukedavitt/animations/opengl/glfw/build/CMakeFiles/CMakeTmp/Debug -filelist /Users/lukedavitt/animations/opengl/glfw/build/CMakeFiles/CMakeTmp/CMAKE_TRY_COMPILE.build/Debug/cmTC_e6990.build/Objects-normal/x86_64/cmTC_e6990.LinkFileList -v -search_paths_first -headerpad_max_install_names -dependency_info /Users/lukedavitt/animations/opengl/glfw/build/CMakeFiles/CMakeTmp/CMAKE_TRY_COMPILE.build/Debug/cmTC_e6990.build/Objects-normal/x86_64/cmTC_e6990_dependency_info.dat -lSystem /Applications/Xcode.app/Contents/Developer/Toolchains/XcodeDefault.xctoolchain/usr/bin/../lib/clang/7.0.0/lib/darwin/libclang_rt.osx.a -F/Users/lukedavitt/animations/opengl/glfw/build/CMakeFiles/CMakeTmp/Debug
@(#)PROGRAM:ld  PROJECT:ld64-253.3.3
configured to support archs: armv6 armv7 armv7s arm64 i386 x86_64 x86_64h armv6m armv7k armv7m armv7em
Library search paths:
	/Users/lukedavitt/animations/opengl/glfw/build/CMakeFiles/CMakeTmp/Debug
	/Applications/Xcode.app/Contents/Developer/Platforms/MacOSX.platform/Developer/SDKs/MacOSX10.11.sdk/usr/lib
Framework search paths:
	/Users/lukedavitt/animations/opengl/glfw/build/CMakeFiles/CMakeTmp/Debug
	/Applications/Xcode.app/Contents/Developer/Platforms/MacOSX.platform/Developer/SDKs/MacOSX10.11.sdk/System/Library/Frameworks/

** BUILD SUCCEEDED **



Parsed C implicit link information from above output:
  link line regex: [^( *|.*[/\])(ld|([^/\]+-)?ld|collect2)[^/\]*( |$)]
  ignore line: [Change Dir: /Users/lukedavitt/animations/opengl/glfw/build/CMakeFiles/CMakeTmp]
  ignore line: []
  ignore line: [Run Build Command:"/usr/bin/xcodebuild" "-project" "CMAKE_TRY_COMPILE.xcodeproj" "build" "-target" "cmTC_e6990" "-configuration" "Debug"]
  ignore line: [=== BUILD TARGET cmTC_e6990 OF PROJECT CMAKE_TRY_COMPILE WITH CONFIGURATION Debug ===]
  ignore line: []
  ignore line: [Check dependencies]
  ignore line: []
  ignore line: [Write auxiliary files]
  ignore line: [/bin/mkdir -p /Users/lukedavitt/animations/opengl/glfw/build/CMakeFiles/CMakeTmp/CMAKE_TRY_COMPILE.build/Debug/cmTC_e6990.build/Objects-normal/x86_64]
  ignore line: [write-file /Users/lukedavitt/animations/opengl/glfw/build/CMakeFiles/CMakeTmp/CMAKE_TRY_COMPILE.build/Debug/cmTC_e6990.build/Objects-normal/x86_64/cmTC_e6990.LinkFileList]
  ignore line: []
  ignore line: [CompileC CMAKE_TRY_COMPILE.build/Debug/cmTC_e6990.build/Objects-normal/x86_64/CMakeCCompilerABI.o /Applications/CMake.app/Contents/share/cmake-3.4/Modules/CMakeCCompilerABI.c normal x86_64 c com.apple.compilers.llvm.clang.1_0.compiler]
  ignore line: [    cd /Users/lukedavitt/animations/opengl/glfw/build/CMakeFiles/CMakeTmp]
  ignore line: [    export LANG=en_US.US-ASCII]
  ignore line: [    /Applications/Xcode.app/Contents/Developer/Toolchains/XcodeDefault.xctoolchain/usr/bin/clang -x c -arch x86_64 -fmessage-length=0 -fdiagnostics-show-note-include-stack -fmacro-backtrace-limit=0 -Wno-trigraphs -fpascal-strings -O0 -Wno-missing-field-initializers -Wno-missing-prototypes -Wno-return-type -Wno-missing-braces -Wparentheses -Wswitch -Wno-unused-function -Wno-unused-label -Wno-unused-parameter -Wno-unused-variable -Wunused-value -Wno-empty-body -Wno-uninitialized -Wno-unknown-pragmas -Wno-shadow -Wno-four-char-constants -Wno-conversion -Wno-constant-conversion -Wno-int-conversion -Wno-bool-conversion -Wno-enum-conversion -Wno-shorten-64-to-32 -Wpointer-sign -Wno-newline-eof -DCMAKE_INTDIR=\"Debug\" -isysroot /Applications/Xcode.app/Contents/Developer/Platforms/MacOSX.platform/Developer/SDKs/MacOSX10.11.sdk -fasm-blocks -fstrict-aliasing -Wdeprecated-declarations -mmacosx-version-min=10.11 -g -Wno-sign-conversion -I/Users/lukedavitt/animations/opengl/glfw/build/CMakeFiles/CMakeTmp/Debug/include -I/Users/lukedavitt/animations/opengl/glfw/build/CMakeFiles/CMakeTmp/CMAKE_TRY_COMPILE.build/Debug/cmTC_e6990.build/DerivedSources/x86_64 -I/Users/lukedavitt/animations/opengl/glfw/build/CMakeFiles/CMakeTmp/CMAKE_TRY_COMPILE.build/Debug/cmTC_e6990.build/DerivedSources -Wmost -Wno-four-char-constants -Wno-unknown-pragmas -F/Users/lukedavitt/animations/opengl/glfw/build/CMakeFiles/CMakeTmp/Debug -MMD -MT dependencies -MF /Users/lukedavitt/animations/opengl/glfw/build/CMakeFiles/CMakeTmp/CMAKE_TRY_COMPILE.build/Debug/cmTC_e6990.build/Objects-normal/x86_64/CMakeCCompilerABI.d --serialize-diagnostics /Users/lukedavitt/animations/opengl/glfw/build/CMakeFiles/CMakeTmp/CMAKE_TRY_COMPILE.build/Debug/cmTC_e6990.build/Objects-normal/x86_64/CMakeCCompilerABI.dia -c /Applications/CMake.app/Contents/share/cmake-3.4/Modules/CMakeCCompilerABI.c -o /Users/lukedavitt/animations/opengl/glfw/build/CMakeFiles/CMakeTmp/CMAKE_TRY_COMPILE.build/Debug/cmTC_e6990.build/Objects-normal/x86_64/CMakeCCompilerABI.o]
  ignore line: []
  ignore line: [Ld Debug/cmTC_e6990 normal x86_64]
  ignore line: [    cd /Users/lukedavitt/animations/opengl/glfw/build/CMakeFiles/CMakeTmp]
  ignore line: [    export MACOSX_DEPLOYMENT_TARGET=10.11]
  ignore line: [    /Applications/Xcode.app/Contents/Developer/Toolchains/XcodeDefault.xctoolchain/usr/bin/clang -arch x86_64 -isysroot /Applications/Xcode.app/Contents/Developer/Platforms/MacOSX.platform/Developer/SDKs/MacOSX10.11.sdk -L/Users/lukedavitt/animations/opengl/glfw/build/CMakeFiles/CMakeTmp/Debug -F/Users/lukedavitt/animations/opengl/glfw/build/CMakeFiles/CMakeTmp/Debug -filelist /Users/lukedavitt/animations/opengl/glfw/build/CMakeFiles/CMakeTmp/CMAKE_TRY_COMPILE.build/Debug/cmTC_e6990.build/Objects-normal/x86_64/cmTC_e6990.LinkFileList -mmacosx-version-min=10.11 -v -Wl,-v -Wl,-search_paths_first -Wl,-headerpad_max_install_names -Xlinker -dependency_info -Xlinker /Users/lukedavitt/animations/opengl/glfw/build/CMakeFiles/CMakeTmp/CMAKE_TRY_COMPILE.build/Debug/cmTC_e6990.build/Objects-normal/x86_64/cmTC_e6990_dependency_info.dat -o /Users/lukedavitt/animations/opengl/glfw/build/CMakeFiles/CMakeTmp/Debug/cmTC_e6990]
  ignore line: [Apple LLVM version 7.0.0 (clang-700.0.72)]
  ignore line: [Target: x86_64-apple-darwin15.0.0]
  ignore line: [Thread model: posix]
  reduced line: [ "/Applications/Xcode.app/Contents/Developer/Toolchains/XcodeDefault.xctoolchain/usr/bin/ld" -demangle -dynamic -arch x86_64 -macosx_version_min 10.11.0 -syslibroot /Applications/Xcode.app/Contents/Developer/Platforms/MacOSX.platform/Developer/SDKs/MacOSX10.11.sdk -o /Users/lukedavitt/animations/opengl/glfw/build/CMakeFiles/CMakeTmp/Debug/cmTC_e6990 -L/Users/lukedavitt/animations/opengl/glfw/build/CMakeFiles/CMakeTmp/Debug -filelist /Users/lukedavitt/animations/opengl/glfw/build/CMakeFiles/CMakeTmp/CMAKE_TRY_COMPILE.build/Debug/cmTC_e6990.build/Objects-normal/x86_64/cmTC_e6990.LinkFileList -v -search_paths_first -headerpad_max_install_names -dependency_info /Users/lukedavitt/animations/opengl/glfw/build/CMakeFiles/CMakeTmp/CMAKE_TRY_COMPILE.build/Debug/cmTC_e6990.build/Objects-normal/x86_64/cmTC_e6990_dependency_info.dat -lSystem /Applications/Xcode.app/Contents/Developer/Toolchains/XcodeDefault.xctoolchain/usr/bin/../lib/clang/7.0.0/lib/darwin/libclang_rt.osx.a -F/Users/lukedavitt/animations/opengl/glfw/build/CMakeFiles/CMakeTmp/Debug]
            to: [ "/Applications/Xcode.app/Contents/Developer/Toolchains/XcodeDefault.xctoolchain/usr/bin/ld" -demangle -dynamic -arch x86_64 -macosx_version_min 10.11.0 -syslibroot /Applications/Xcode.app/Contents/Developer/Platforms/MacOSX.platform/Developer/SDKs/MacOSX10.11.sdk -o /Users/lukedavitt/animations/opengl/glfw/build/CMakeFiles/CMakeTmp/Debug/cmTC_e6990 -filelist /Users/lukedavitt/animations/opengl/glfw/build/CMakeFiles/CMakeTmp/CMAKE_TRY_COMPILE.build/Debug/cmTC_e6990.build/Objects-normal/x86_64/cmTC_e6990.LinkFileList -v -search_paths_first -headerpad_max_install_names -dependency_info /Users/lukedavitt/animations/opengl/glfw/build/CMakeFiles/CMakeTmp/CMAKE_TRY_COMPILE.build/Debug/cmTC_e6990.build/Objects-normal/x86_64/cmTC_e6990_dependency_info.dat -lSystem /Applications/Xcode.app/Contents/Developer/Toolchains/XcodeDefault.xctoolchain/usr/bin/../lib/clang/7.0.0/lib/darwin/libclang_rt.osx.a ]
  link line: [ "/Applications/Xcode.app/Contents/Developer/Toolchains/XcodeDefault.xctoolchain/usr/bin/ld" -demangle -dynamic -arch x86_64 -macosx_version_min 10.11.0 -syslibroot /Applications/Xcode.app/Contents/Developer/Platforms/MacOSX.platform/Developer/SDKs/MacOSX10.11.sdk -o /Users/lukedavitt/animations/opengl/glfw/build/CMakeFiles/CMakeTmp/Debug/cmTC_e6990 -filelist /Users/lukedavitt/animations/opengl/glfw/build/CMakeFiles/CMakeTmp/CMAKE_TRY_COMPILE.build/Debug/cmTC_e6990.build/Objects-normal/x86_64/cmTC_e6990.LinkFileList -v -search_paths_first -headerpad_max_install_names -dependency_info /Users/lukedavitt/animations/opengl/glfw/build/CMakeFiles/CMakeTmp/CMAKE_TRY_COMPILE.build/Debug/cmTC_e6990.build/Objects-normal/x86_64/cmTC_e6990_dependency_info.dat -lSystem /Applications/Xcode.app/Contents/Developer/Toolchains/XcodeDefault.xctoolchain/usr/bin/../lib/clang/7.0.0/lib/darwin/libclang_rt.osx.a ]
    arg [/Applications/Xcode.app/Contents/Developer/Toolchains/XcodeDefault.xctoolchain/usr/bin/ld] ==> ignore
    arg [-demangle] ==> ignore
    arg [-dynamic] ==> ignore
    arg [-arch] ==> ignore
    arg [x86_64] ==> ignore
    arg [-macosx_version_min] ==> ignore
    arg [10.11.0] ==> ignore
    arg [-syslibroot] ==> ignore
    arg [/Applications/Xcode.app/Contents/Developer/Platforms/MacOSX.platform/Developer/SDKs/MacOSX10.11.sdk] ==> ignore
    arg [-o] ==> ignore
    arg [/Users/lukedavitt/animations/opengl/glfw/build/CMakeFiles/CMakeTmp/Debug/cmTC_e6990] ==> ignore
    arg [-filelist] ==> ignore
    arg [/Users/lukedavitt/animations/opengl/glfw/build/CMakeFiles/CMakeTmp/CMAKE_TRY_COMPILE.build/Debug/cmTC_e6990.build/Objects-normal/x86_64/cmTC_e6990.LinkFileList] ==> ignore
    arg [-v] ==> ignore
    arg [-search_paths_first] ==> ignore
    arg [-headerpad_max_install_names] ==> ignore
    arg [-dependency_info] ==> ignore
    arg [/Users/lukedavitt/animations/opengl/glfw/build/CMakeFiles/CMakeTmp/CMAKE_TRY_COMPILE.build/Debug/cmTC_e6990.build/Objects-normal/x86_64/cmTC_e6990_dependency_info.dat] ==> ignore
    arg [-lSystem] ==> lib [System]
    arg [/Applications/Xcode.app/Contents/Developer/Toolchains/XcodeDefault.xctoolchain/usr/bin/../lib/clang/7.0.0/lib/darwin/libclang_rt.osx.a] ==> lib [/Applications/Xcode.app/Contents/Developer/Toolchains/XcodeDefault.xctoolchain/usr/bin/../lib/clang/7.0.0/lib/darwin/libclang_rt.osx.a]
  Library search paths: [;/Users/lukedavitt/animations/opengl/glfw/build/CMakeFiles/CMakeTmp/Debug;/Applications/Xcode.app/Contents/Developer/Platforms/MacOSX.platform/Developer/SDKs/MacOSX10.11.sdk/usr/lib]
  Framework search paths: [;/Users/lukedavitt/animations/opengl/glfw/build/CMakeFiles/CMakeTmp/Debug;/Applications/Xcode.app/Contents/Developer/Platforms/MacOSX.platform/Developer/SDKs/MacOSX10.11.sdk/System/Library/Frameworks/]
  remove lib [System]
  collapse lib [/Applications/Xcode.app/Contents/Developer/Toolchains/XcodeDefault.xctoolchain/usr/bin/../lib/clang/7.0.0/lib/darwin/libclang_rt.osx.a] ==> [/Applications/Xcode.app/Contents/Developer/Toolchains/XcodeDefault.xctoolchain/usr/lib/clang/7.0.0/lib/darwin/libclang_rt.osx.a]
  collapse library dir [/Users/lukedavitt/animations/opengl/glfw/build/CMakeFiles/CMakeTmp/Debug] ==> [/Users/lukedavitt/animations/opengl/glfw/build/CMakeFiles/CMakeTmp/Debug], skipping non-system directory
  collapse library dir [/Applications/Xcode.app/Contents/Developer/Platforms/MacOSX.platform/Developer/SDKs/MacOSX10.11.sdk/usr/lib] ==> [/Applications/Xcode.app/Contents/Developer/Platforms/MacOSX.platform/Developer/SDKs/MacOSX10.11.sdk/usr/lib]
  collapse framework dir [/Users/lukedavitt/animations/opengl/glfw/build/CMakeFiles/CMakeTmp/Debug] ==> [/Users/lukedavitt/animations/opengl/glfw/build/CMakeFiles/CMakeTmp/Debug], skipping non-system directory
  collapse framework dir [/Applications/Xcode.app/Contents/Developer/Platforms/MacOSX.platform/Developer/SDKs/MacOSX10.11.sdk/System/Library/Frameworks/] ==> [/Applications/Xcode.app/Contents/Developer/Platforms/MacOSX.platform/Developer/SDKs/MacOSX10.11.sdk/System/Library/Frameworks]
  implicit libs: [/Applications/Xcode.app/Contents/Developer/Toolchains/XcodeDefault.xctoolchain/usr/lib/clang/7.0.0/lib/darwin/libclang_rt.osx.a]
  implicit dirs: [/Applications/Xcode.app/Contents/Developer/Platforms/MacOSX.platform/Developer/SDKs/MacOSX10.11.sdk/usr/lib]
  implicit fwks: [/Applications/Xcode.app/Contents/Developer/Platforms/MacOSX.platform/Developer/SDKs/MacOSX10.11.sdk/System/Library/Frameworks]




Detecting C [-std=c11] compiler features compiled with the following output:
Change Dir: /Users/lukedavitt/animations/opengl/glfw/build/CMakeFiles/CMakeTmp

Run Build Command:"/usr/bin/xcodebuild" "-project" "CMAKE_TRY_COMPILE.xcodeproj" "build" "-target" "cmTC_ee90d" "-configuration" "Debug"
=== BUILD TARGET cmTC_ee90d OF PROJECT CMAKE_TRY_COMPILE WITH CONFIGURATION Debug ===

Check dependencies

Write auxiliary files
/bin/mkdir -p /Users/lukedavitt/animations/opengl/glfw/build/CMakeFiles/CMakeTmp/CMAKE_TRY_COMPILE.build/Debug/cmTC_ee90d.build/Objects-normal/x86_64
write-file /Users/lukedavitt/animations/opengl/glfw/build/CMakeFiles/CMakeTmp/CMAKE_TRY_COMPILE.build/Debug/cmTC_ee90d.build/Objects-normal/x86_64/cmTC_ee90d.LinkFileList

CompileC CMAKE_TRY_COMPILE.build/Debug/cmTC_ee90d.build/Objects-normal/x86_64/feature_tests.o /Users/lukedavitt/animations/opengl/glfw/build/CMakeFiles/feature_tests.c normal x86_64 c com.apple.compilers.llvm.clang.1_0.compiler
    cd /Users/lukedavitt/animations/opengl/glfw/build/CMakeFiles/CMakeTmp
    export LANG=en_US.US-ASCII
    /Applications/Xcode.app/Contents/Developer/Toolchains/XcodeDefault.xctoolchain/usr/bin/clang -x c -arch x86_64 -fmessage-length=0 -fdiagnostics-show-note-include-stack -fmacro-backtrace-limit=0 -Wno-trigraphs -fpascal-strings -O0 -Wno-missing-field-initializers -Wno-missing-prototypes -Wno-return-type -Wno-missing-braces -Wparentheses -Wswitch -Wno-unused-function -Wno-unused-label -Wno-unused-parameter -Wno-unused-variable -Wunused-value -Wno-empty-body -Wno-uninitialized -Wno-unknown-pragmas -Wno-shadow -Wno-four-char-constants -Wno-conversion -Wno-constant-conversion -Wno-int-conversion -Wno-bool-conversion -Wno-enum-conversion -Wno-shorten-64-to-32 -Wpointer-sign -Wno-newline-eof -DCMAKE_INTDIR=\"Debug\" -isysroot /Applications/Xcode.app/Contents/Developer/Platforms/MacOSX.platform/Developer/SDKs/MacOSX10.11.sdk -fasm-blocks -fstrict-aliasing -Wdeprecated-declarations -mmacosx-version-min=10.11 -g -Wno-sign-conversion -I/Users/lukedavitt/animations/opengl/glfw/build/CMakeFiles/CMakeTmp/Debug/include -I/Users/lukedavitt/animations/opengl/glfw/build/CMakeFiles/CMakeTmp/CMAKE_TRY_COMPILE.build/Debug/cmTC_ee90d.build/DerivedSources/x86_64 -I/Users/lukedavitt/animations/opengl/glfw/build/CMakeFiles/CMakeTmp/CMAKE_TRY_COMPILE.build/Debug/cmTC_ee90d.build/DerivedSources -Wmost -Wno-four-char-constants -Wno-unknown-pragmas -F/Users/lukedavitt/animations/opengl/glfw/build/CMakeFiles/CMakeTmp/Debug -std=c11 -MMD -MT dependencies -MF /Users/lukedavitt/animations/opengl/glfw/build/CMakeFiles/CMakeTmp/CMAKE_TRY_COMPILE.build/Debug/cmTC_ee90d.build/Objects-normal/x86_64/feature_tests.d --serialize-diagnostics /Users/lukedavitt/animations/opengl/glfw/build/CMakeFiles/CMakeTmp/CMAKE_TRY_COMPILE.build/Debug/cmTC_ee90d.build/Objects-normal/x86_64/feature_tests.dia -c /Users/lukedavitt/animations/opengl/glfw/build/CMakeFiles/feature_tests.c -o /Users/lukedavitt/animations/opengl/glfw/build/CMakeFiles/CMakeTmp/CMAKE_TRY_COMPILE.build/Debug/cmTC_ee90d.build/Objects-normal/x86_64/feature_tests.o

Ld Debug/cmTC_ee90d normal x86_64
    cd /Users/lukedavitt/animations/opengl/glfw/build/CMakeFiles/CMakeTmp
    export MACOSX_DEPLOYMENT_TARGET=10.11
    /Applications/Xcode.app/Contents/Developer/Toolchains/XcodeDefault.xctoolchain/usr/bin/clang -arch x86_64 -isysroot /Applications/Xcode.app/Contents/Developer/Platforms/MacOSX.platform/Developer/SDKs/MacOSX10.11.sdk -L/Users/lukedavitt/animations/opengl/glfw/build/CMakeFiles/CMakeTmp/Debug -F/Users/lukedavitt/animations/opengl/glfw/build/CMakeFiles/CMakeTmp/Debug -filelist /Users/lukedavitt/animations/opengl/glfw/build/CMakeFiles/CMakeTmp/CMAKE_TRY_COMPILE.build/Debug/cmTC_ee90d.build/Objects-normal/x86_64/cmTC_ee90d.LinkFileList -mmacosx-version-min=10.11 -Wl,-search_paths_first -Wl,-headerpad_max_install_names -Xlinker -dependency_info -Xlinker /Users/lukedavitt/animations/opengl/glfw/build/CMakeFiles/CMakeTmp/CMAKE_TRY_COMPILE.build/Debug/cmTC_ee90d.build/Objects-normal/x86_64/cmTC_ee90d_dependency_info.dat -o /Users/lukedavitt/animations/opengl/glfw/build/CMakeFiles/CMakeTmp/Debug/cmTC_ee90d

** BUILD SUCCEEDED **



    Feature record: C_FEATURE:1c_function_prototypes
    Feature record: C_FEATURE:1c_restrict
    Feature record: C_FEATURE:1c_static_assert
    Feature record: C_FEATURE:1c_variadic_macros


Detecting C [-std=c99] compiler features compiled with the following output:
Change Dir: /Users/lukedavitt/animations/opengl/glfw/build/CMakeFiles/CMakeTmp

Run Build Command:"/usr/bin/xcodebuild" "-project" "CMAKE_TRY_COMPILE.xcodeproj" "build" "-target" "cmTC_600b1" "-configuration" "Debug"
=== BUILD TARGET cmTC_600b1 OF PROJECT CMAKE_TRY_COMPILE WITH CONFIGURATION Debug ===

Check dependencies

Write auxiliary files
/bin/mkdir -p /Users/lukedavitt/animations/opengl/glfw/build/CMakeFiles/CMakeTmp/CMAKE_TRY_COMPILE.build/Debug/cmTC_600b1.build/Objects-normal/x86_64
write-file /Users/lukedavitt/animations/opengl/glfw/build/CMakeFiles/CMakeTmp/CMAKE_TRY_COMPILE.build/Debug/cmTC_600b1.build/Objects-normal/x86_64/cmTC_600b1.LinkFileList

CompileC CMAKE_TRY_COMPILE.build/Debug/cmTC_600b1.build/Objects-normal/x86_64/feature_tests.o /Users/lukedavitt/animations/opengl/glfw/build/CMakeFiles/feature_tests.c normal x86_64 c com.apple.compilers.llvm.clang.1_0.compiler
    cd /Users/lukedavitt/animations/opengl/glfw/build/CMakeFiles/CMakeTmp
    export LANG=en_US.US-ASCII
    /Applications/Xcode.app/Contents/Developer/Toolchains/XcodeDefault.xctoolchain/usr/bin/clang -x c -arch x86_64 -fmessage-length=0 -fdiagnostics-show-note-include-stack -fmacro-backtrace-limit=0 -Wno-trigraphs -fpascal-strings -O0 -Wno-missing-field-initializers -Wno-missing-prototypes -Wno-return-type -Wno-missing-braces -Wparentheses -Wswitch -Wno-unused-function -Wno-unused-label -Wno-unused-parameter -Wno-unused-variable -Wunused-value -Wno-empty-body -Wno-uninitialized -Wno-unknown-pragmas -Wno-shadow -Wno-four-char-constants -Wno-conversion -Wno-constant-conversion -Wno-int-conversion -Wno-bool-conversion -Wno-enum-conversion -Wno-shorten-64-to-32 -Wpointer-sign -Wno-newline-eof -DCMAKE_INTDIR=\"Debug\" -isysroot /Applications/Xcode.app/Contents/Developer/Platforms/MacOSX.platform/Developer/SDKs/MacOSX10.11.sdk -fasm-blocks -fstrict-aliasing -Wdeprecated-declarations -mmacosx-version-min=10.11 -g -Wno-sign-conversion -I/Users/lukedavitt/animations/opengl/glfw/build/CMakeFiles/CMakeTmp/Debug/include -I/Users/lukedavitt/animations/opengl/glfw/build/CMakeFiles/CMakeTmp/CMAKE_TRY_COMPILE.build/Debug/cmTC_600b1.build/DerivedSources/x86_64 -I/Users/lukedavitt/animations/opengl/glfw/build/CMakeFiles/CMakeTmp/CMAKE_TRY_COMPILE.build/Debug/cmTC_600b1.build/DerivedSources -Wmost -Wno-four-char-constants -Wno-unknown-pragmas -F/Users/lukedavitt/animations/opengl/glfw/build/CMakeFiles/CMakeTmp/Debug -std=c99 -MMD -MT dependencies -MF /Users/lukedavitt/animations/opengl/glfw/build/CMakeFiles/CMakeTmp/CMAKE_TRY_COMPILE.build/Debug/cmTC_600b1.build/Objects-normal/x86_64/feature_tests.d --serialize-diagnostics /Users/lukedavitt/animations/opengl/glfw/build/CMakeFiles/CMakeTmp/CMAKE_TRY_COMPILE.build/Debug/cmTC_600b1.build/Objects-normal/x86_64/feature_tests.dia -c /Users/lukedavitt/animations/opengl/glfw/build/CMakeFiles/feature_tests.c -o /Users/lukedavitt/animations/opengl/glfw/build/CMakeFiles/CMakeTmp/CMAKE_TRY_COMPILE.build/Debug/cmTC_600b1.build/Objects-normal/x86_64/feature_tests.o

Ld Debug/cmTC_600b1 normal x86_64
    cd /Users/lukedavitt/animations/opengl/glfw/build/CMakeFiles/CMakeTmp
    export MACOSX_DEPLOYMENT_TARGET=10.11
    /Applications/Xcode.app/Contents/Developer/Toolchains/XcodeDefault.xctoolchain/usr/bin/clang -arch x86_64 -isysroot /Applications/Xcode.app/Contents/Developer/Platforms/MacOSX.platform/Developer/SDKs/MacOSX10.11.sdk -L/Users/lukedavitt/animations/opengl/glfw/build/CMakeFiles/CMakeTmp/Debug -F/Users/lukedavitt/animations/opengl/glfw/build/CMakeFiles/CMakeTmp/Debug -filelist /Users/lukedavitt/animations/opengl/glfw/build/CMakeFiles/CMakeTmp/CMAKE_TRY_COMPILE.build/Debug/cmTC_600b1.build/Objects-normal/x86_64/cmTC_600b1.LinkFileList -mmacosx-version-min=10.11 -Wl,-search_paths_first -Wl,-headerpad_max_install_names -Xlinker -dependency_info -Xlinker /Users/lukedavitt/animations/opengl/glfw/build/CMakeFiles/CMakeTmp/CMAKE_TRY_COMPILE.build/Debug/cmTC_600b1.build/Objects-normal/x86_64/cmTC_600b1_dependency_info.dat -o /Users/lukedavitt/animations/opengl/glfw/build/CMakeFiles/CMakeTmp/Debug/cmTC_600b1

** BUILD SUCCEEDED **



    Feature record: C_FEATURE:1c_function_prototypes
    Feature record: C_FEATURE:1c_restrict
    Feature record: C_FEATURE:0c_static_assert
    Feature record: C_FEATURE:1c_variadic_macros


Detecting C [-std=c90] compiler features compiled with the following output:
Change Dir: /Users/lukedavitt/animations/opengl/glfw/build/CMakeFiles/CMakeTmp

Run Build Command:"/usr/bin/xcodebuild" "-project" "CMAKE_TRY_COMPILE.xcodeproj" "build" "-target" "cmTC_b0dd2" "-configuration" "Debug"
=== BUILD TARGET cmTC_b0dd2 OF PROJECT CMAKE_TRY_COMPILE WITH CONFIGURATION Debug ===

Check dependencies

Write auxiliary files
/bin/mkdir -p /Users/lukedavitt/animations/opengl/glfw/build/CMakeFiles/CMakeTmp/CMAKE_TRY_COMPILE.build/Debug/cmTC_b0dd2.build/Objects-normal/x86_64
write-file /Users/lukedavitt/animations/opengl/glfw/build/CMakeFiles/CMakeTmp/CMAKE_TRY_COMPILE.build/Debug/cmTC_b0dd2.build/Objects-normal/x86_64/cmTC_b0dd2.LinkFileList

CompileC CMAKE_TRY_COMPILE.build/Debug/cmTC_b0dd2.build/Objects-normal/x86_64/feature_tests.o /Users/lukedavitt/animations/opengl/glfw/build/CMakeFiles/feature_tests.c normal x86_64 c com.apple.compilers.llvm.clang.1_0.compiler
    cd /Users/lukedavitt/animations/opengl/glfw/build/CMakeFiles/CMakeTmp
    export LANG=en_US.US-ASCII
    /Applications/Xcode.app/Contents/Developer/Toolchains/XcodeDefault.xctoolchain/usr/bin/clang -x c -arch x86_64 -fmessage-length=0 -fdiagnostics-show-note-include-stack -fmacro-backtrace-limit=0 -Wno-trigraphs -fpascal-strings -O0 -Wno-missing-field-initializers -Wno-missing-prototypes -Wno-return-type -Wno-missing-braces -Wparentheses -Wswitch -Wno-unused-function -Wno-unused-label -Wno-unused-parameter -Wno-unused-variable -Wunused-value -Wno-empty-body -Wno-uninitialized -Wno-unknown-pragmas -Wno-shadow -Wno-four-char-constants -Wno-conversion -Wno-constant-conversion -Wno-int-conversion -Wno-bool-conversion -Wno-enum-conversion -Wno-shorten-64-to-32 -Wpointer-sign -Wno-newline-eof -DCMAKE_INTDIR=\"Debug\" -isysroot /Applications/Xcode.app/Contents/Developer/Platforms/MacOSX.platform/Developer/SDKs/MacOSX10.11.sdk -fasm-blocks -fstrict-aliasing -Wdeprecated-declarations -mmacosx-version-min=10.11 -g -Wno-sign-conversion -I/Users/lukedavitt/animations/opengl/glfw/build/CMakeFiles/CMakeTmp/Debug/include -I/Users/lukedavitt/animations/opengl/glfw/build/CMakeFiles/CMakeTmp/CMAKE_TRY_COMPILE.build/Debug/cmTC_b0dd2.build/DerivedSources/x86_64 -I/Users/lukedavitt/animations/opengl/glfw/build/CMakeFiles/CMakeTmp/CMAKE_TRY_COMPILE.build/Debug/cmTC_b0dd2.build/DerivedSources -Wmost -Wno-four-char-constants -Wno-unknown-pragmas -F/Users/lukedavitt/animations/opengl/glfw/build/CMakeFiles/CMakeTmp/Debug -std=c90 -MMD -MT dependencies -MF /Users/lukedavitt/animations/opengl/glfw/build/CMakeFiles/CMakeTmp/CMAKE_TRY_COMPILE.build/Debug/cmTC_b0dd2.build/Objects-normal/x86_64/feature_tests.d --serialize-diagnostics /Users/lukedavitt/animations/opengl/glfw/build/CMakeFiles/CMakeTmp/CMAKE_TRY_COMPILE.build/Debug/cmTC_b0dd2.build/Objects-normal/x86_64/feature_tests.dia -c /Users/lukedavitt/animations/opengl/glfw/build/CMakeFiles/feature_tests.c -o /Users/lukedavitt/animations/opengl/glfw/build/CMakeFiles/CMakeTmp/CMAKE_TRY_COMPILE.build/Debug/cmTC_b0dd2.build/Objects-normal/x86_64/feature_tests.o

Ld Debug/cmTC_b0dd2 normal x86_64
    cd /Users/lukedavitt/animations/opengl/glfw/build/CMakeFiles/CMakeTmp
    export MACOSX_DEPLOYMENT_TARGET=10.11
    /Applications/Xcode.app/Contents/Developer/Toolchains/XcodeDefault.xctoolchain/usr/bin/clang -arch x86_64 -isysroot /Applications/Xcode.app/Contents/Developer/Platforms/MacOSX.platform/Developer/SDKs/MacOSX10.11.sdk -L/Users/lukedavitt/animations/opengl/glfw/build/CMakeFiles/CMakeTmp/Debug -F/Users/lukedavitt/animations/opengl/glfw/build/CMakeFiles/CMakeTmp/Debug -filelist /Users/lukedavitt/animations/opengl/glfw/build/CMakeFiles/CMakeTmp/CMAKE_TRY_COMPILE.build/Debug/cmTC_b0dd2.build/Objects-normal/x86_64/cmTC_b0dd2.LinkFileList -mmacosx-version-min=10.11 -Wl,-search_paths_first -Wl,-headerpad_max_install_names -Xlinker -dependency_info -Xlinker /Users/lukedavitt/animations/opengl/glfw/build/CMakeFiles/CMakeTmp/CMAKE_TRY_COMPILE.build/Debug/cmTC_b0dd2.build/Objects-normal/x86_64/cmTC_b0dd2_dependency_info.dat -o /Users/lukedavitt/animations/opengl/glfw/build/CMakeFiles/CMakeTmp/Debug/cmTC_b0dd2

** BUILD SUCCEEDED **



    Feature record: C_FEATURE:1c_function_prototypes
    Feature record: C_FEATURE:0c_restrict
    Feature record: C_FEATURE:0c_static_assert
    Feature record: C_FEATURE:0c_variadic_macros
Determining if the include file pthread.h exists passed with the following output:
Change Dir: /Users/lukedavitt/animations/opengl/glfw/build/CMakeFiles/CMakeTmp

Run Build Command:"/usr/bin/xcodebuild" "-project" "CMAKE_TRY_COMPILE.xcodeproj" "build" "-target" "cmTC_9e8e0" "-configuration" "Debug"
=== BUILD TARGET cmTC_9e8e0 OF PROJECT CMAKE_TRY_COMPILE WITH CONFIGURATION Debug ===

Check dependencies

Write auxiliary files
/bin/mkdir -p /Users/lukedavitt/animations/opengl/glfw/build/CMakeFiles/CMakeTmp/CMAKE_TRY_COMPILE.build/Debug/cmTC_9e8e0.build/Objects-normal/x86_64
write-file /Users/lukedavitt/animations/opengl/glfw/build/CMakeFiles/CMakeTmp/CMAKE_TRY_COMPILE.build/Debug/cmTC_9e8e0.build/Objects-normal/x86_64/cmTC_9e8e0.LinkFileList

CompileC CMAKE_TRY_COMPILE.build/Debug/cmTC_9e8e0.build/Objects-normal/x86_64/CheckIncludeFile.o CheckIncludeFile.c normal x86_64 c com.apple.compilers.llvm.clang.1_0.compiler
    cd /Users/lukedavitt/animations/opengl/glfw/build/CMakeFiles/CMakeTmp
    export LANG=en_US.US-ASCII
    /Applications/Xcode.app/Contents/Developer/Toolchains/XcodeDefault.xctoolchain/usr/bin/clang -x c -arch x86_64 -fmessage-length=0 -fdiagnostics-show-note-include-stack -fmacro-backtrace-limit=0 -Wno-trigraphs -fpascal-strings -O0 -Wno-missing-field-initializers -Wno-missing-prototypes -Wno-return-type -Wno-missing-braces -Wparentheses -Wswitch -Wno-unused-function -Wno-unused-label -Wno-unused-parameter -Wno-unused-variable -Wunused-value -Wno-empty-body -Wno-uninitialized -Wno-unknown-pragmas -Wno-shadow -Wno-four-char-constants -Wno-conversion -Wno-constant-conversion -Wno-int-conversion -Wno-bool-conversion -Wno-enum-conversion -Wno-shorten-64-to-32 -Wpointer-sign -Wno-newline-eof -DCMAKE_INTDIR=\"Debug\" -isysroot /Applications/Xcode.app/Contents/Developer/Platforms/MacOSX.platform/Developer/SDKs/MacOSX10.11.sdk -fasm-blocks -fstrict-aliasing -Wdeprecated-declarations -mmacosx-version-min=10.11 -g -Wno-sign-conversion -I/Users/lukedavitt/animations/opengl/glfw/build/CMakeFiles/CMakeTmp/Debug/include -I/Users/lukedavitt/animations/opengl/glfw/build/CMakeFiles/CMakeTmp/CMAKE_TRY_COMPILE.build/Debug/cmTC_9e8e0.build/DerivedSources/x86_64 -I/Users/lukedavitt/animations/opengl/glfw/build/CMakeFiles/CMakeTmp/CMAKE_TRY_COMPILE.build/Debug/cmTC_9e8e0.build/DerivedSources -Wmost -Wno-four-char-constants -Wno-unknown-pragmas -F/Users/lukedavitt/animations/opengl/glfw/build/CMakeFiles/CMakeTmp/Debug -MMD -MT dependencies -MF /Users/lukedavitt/animations/opengl/glfw/build/CMakeFiles/CMakeTmp/CMAKE_TRY_COMPILE.build/Debug/cmTC_9e8e0.build/Objects-normal/x86_64/CheckIncludeFile.d --serialize-diagnostics /Users/lukedavitt/animations/opengl/glfw/build/CMakeFiles/CMakeTmp/CMAKE_TRY_COMPILE.build/Debug/cmTC_9e8e0.build/Objects-normal/x86_64/CheckIncludeFile.dia -c /Users/lukedavitt/animations/opengl/glfw/build/CMakeFiles/CMakeTmp/CheckIncludeFile.c -o /Users/lukedavitt/animations/opengl/glfw/build/CMakeFiles/CMakeTmp/CMAKE_TRY_COMPILE.build/Debug/cmTC_9e8e0.build/Objects-normal/x86_64/CheckIncludeFile.o

Ld Debug/cmTC_9e8e0 normal x86_64
    cd /Users/lukedavitt/animations/opengl/glfw/build/CMakeFiles/CMakeTmp
    export MACOSX_DEPLOYMENT_TARGET=10.11
    /Applications/Xcode.app/Contents/Developer/Toolchains/XcodeDefault.xctoolchain/usr/bin/clang -arch x86_64 -isysroot /Applications/Xcode.app/Contents/Developer/Platforms/MacOSX.platform/Developer/SDKs/MacOSX10.11.sdk -L/Users/lukedavitt/animations/opengl/glfw/build/CMakeFiles/CMakeTmp/Debug -F/Users/lukedavitt/animations/opengl/glfw/build/CMakeFiles/CMakeTmp/Debug -filelist /Users/lukedavitt/animations/opengl/glfw/build/CMakeFiles/CMakeTmp/CMAKE_TRY_COMPILE.build/Debug/cmTC_9e8e0.build/Objects-normal/x86_64/cmTC_9e8e0.LinkFileList -mmacosx-version-min=10.11 -Wl,-search_paths_first -Wl,-headerpad_max_install_names -Xlinker -dependency_info -Xlinker /Users/lukedavitt/animations/opengl/glfw/build/CMakeFiles/CMakeTmp/CMAKE_TRY_COMPILE.build/Debug/cmTC_9e8e0.build/Objects-normal/x86_64/cmTC_9e8e0_dependency_info.dat -o /Users/lukedavitt/animations/opengl/glfw/build/CMakeFiles/CMakeTmp/Debug/cmTC_9e8e0

** BUILD SUCCEEDED **



Determining if the pthread_create exist passed with the following output:
Change Dir: /Users/lukedavitt/animations/opengl/glfw/build/CMakeFiles/CMakeTmp

Run Build Command:"/usr/bin/xcodebuild" "-project" "CMAKE_TRY_COMPILE.xcodeproj" "build" "-target" "cmTC_98483" "-configuration" "Debug"
=== BUILD TARGET cmTC_98483 OF PROJECT CMAKE_TRY_COMPILE WITH CONFIGURATION Debug ===

Check dependencies

Write auxiliary files
/bin/mkdir -p /Users/lukedavitt/animations/opengl/glfw/build/CMakeFiles/CMakeTmp/CMAKE_TRY_COMPILE.build/Debug/cmTC_98483.build/Objects-normal/x86_64
write-file /Users/lukedavitt/animations/opengl/glfw/build/CMakeFiles/CMakeTmp/CMAKE_TRY_COMPILE.build/Debug/cmTC_98483.build/Objects-normal/x86_64/cmTC_98483.LinkFileList

CompileC CMAKE_TRY_COMPILE.build/Debug/cmTC_98483.build/Objects-normal/x86_64/CheckSymbolExists.o CheckSymbolExists.c normal x86_64 c com.apple.compilers.llvm.clang.1_0.compiler
    cd /Users/lukedavitt/animations/opengl/glfw/build/CMakeFiles/CMakeTmp
    export LANG=en_US.US-ASCII
    /Applications/Xcode.app/Contents/Developer/Toolchains/XcodeDefault.xctoolchain/usr/bin/clang -x c -arch x86_64 -fmessage-length=0 -fdiagnostics-show-note-include-stack -fmacro-backtrace-limit=0 -Wno-trigraphs -fpascal-strings -O0 -Wno-missing-field-initializers -Wno-missing-prototypes -Wno-return-type -Wno-missing-braces -Wparentheses -Wswitch -Wno-unused-function -Wno-unused-label -Wno-unused-parameter -Wno-unused-variable -Wunused-value -Wno-empty-body -Wno-uninitialized -Wno-unknown-pragmas -Wno-shadow -Wno-four-char-constants -Wno-conversion -Wno-constant-conversion -Wno-int-conversion -Wno-bool-conversion -Wno-enum-conversion -Wno-shorten-64-to-32 -Wpointer-sign -Wno-newline-eof -DCMAKE_INTDIR=\"Debug\" -isysroot /Applications/Xcode.app/Contents/Developer/Platforms/MacOSX.platform/Developer/SDKs/MacOSX10.11.sdk -fasm-blocks -fstrict-aliasing -Wdeprecated-declarations -mmacosx-version-min=10.11 -g -Wno-sign-conversion -I/Users/lukedavitt/animations/opengl/glfw/build/CMakeFiles/CMakeTmp/Debug/include -I/Users/lukedavitt/animations/opengl/glfw/build/CMakeFiles/CMakeTmp/CMAKE_TRY_COMPILE.build/Debug/cmTC_98483.build/DerivedSources/x86_64 -I/Users/lukedavitt/animations/opengl/glfw/build/CMakeFiles/CMakeTmp/CMAKE_TRY_COMPILE.build/Debug/cmTC_98483.build/DerivedSources -Wmost -Wno-four-char-constants -Wno-unknown-pragmas -F/Users/lukedavitt/animations/opengl/glfw/build/CMakeFiles/CMakeTmp/Debug -MMD -MT dependencies -MF /Users/lukedavitt/animations/opengl/glfw/build/CMakeFiles/CMakeTmp/CMAKE_TRY_COMPILE.build/Debug/cmTC_98483.build/Objects-normal/x86_64/CheckSymbolExists.d --serialize-diagnostics /Users/lukedavitt/animations/opengl/glfw/build/CMakeFiles/CMakeTmp/CMAKE_TRY_COMPILE.build/Debug/cmTC_98483.build/Objects-normal/x86_64/CheckSymbolExists.dia -c /Users/lukedavitt/animations/opengl/glfw/build/CMakeFiles/CMakeTmp/CheckSymbolExists.c -o /Users/lukedavitt/animations/opengl/glfw/build/CMakeFiles/CMakeTmp/CMAKE_TRY_COMPILE.build/Debug/cmTC_98483.build/Objects-normal/x86_64/CheckSymbolExists.o

Ld Debug/cmTC_98483 normal x86_64
    cd /Users/lukedavitt/animations/opengl/glfw/build/CMakeFiles/CMakeTmp
    export MACOSX_DEPLOYMENT_TARGET=10.11
    /Applications/Xcode.app/Contents/Developer/Toolchains/XcodeDefault.xctoolchain/usr/bin/clang -arch x86_64 -isysroot /Applications/Xcode.app/Contents/Developer/Platforms/MacOSX.platform/Developer/SDKs/MacOSX10.11.sdk -L/Users/lukedavitt/animations/opengl/glfw/build/CMakeFiles/CMakeTmp/Debug -F/Users/lukedavitt/animations/opengl/glfw/build/CMakeFiles/CMakeTmp/Debug -filelist /Users/lukedavitt/animations/opengl/glfw/build/CMakeFiles/CMakeTmp/CMAKE_TRY_COMPILE.build/Debug/cmTC_98483.build/Objects-normal/x86_64/cmTC_98483.LinkFileList -mmacosx-version-min=10.11 -Wl,-search_paths_first -Wl,-headerpad_max_install_names -Xlinker -dependency_info -Xlinker /Users/lukedavitt/animations/opengl/glfw/build/CMakeFiles/CMakeTmp/CMAKE_TRY_COMPILE.build/Debug/cmTC_98483.build/Objects-normal/x86_64/cmTC_98483_dependency_info.dat -o /Users/lukedavitt/animations/opengl/glfw/build/CMakeFiles/CMakeTmp/Debug/cmTC_98483

** BUILD SUCCEEDED **


File /Users/lukedavitt/animations/opengl/glfw/build/CMakeFiles/CMakeTmp/CheckSymbolExists.c:
/* */
#include <pthread.h>

int main(int argc, char** argv)
{
  (void)argv;
#ifndef pthread_create
  return ((int*)(&pthread_create))[argc];
#else
  (void)argc;
  return 0;
#endif
}

